Using pre-set license

 COMMAND LINE ARGUMENTS:
/Applications/Unity/Hub/Editor/2020.3.10f1/Unity.app/Contents/MacOS/Unity
-adb2
-batchMode
-noUpm
-name
AssetImportWorker0
-projectPath
/Users/atsu/Unity/GitHub/Stickman-Actiongame/SticManActionGame
-logFile
Logs/AssetImportWorker0.log
-srvPort
59021
Successfully changed project path to: /Users/atsu/Unity/GitHub/Stickman-Actiongame/SticManActionGame
/Users/atsu/Unity/GitHub/Stickman-Actiongame/SticManActionGame
Using Asset Import Pipeline V2.
Refreshing native plugins compatible for Editor in 41.43 ms, found 3 plugins.
Preloading 0 native plugins for Editor in 0.00 ms.
Initialize engine version: 2020.3.10f1 (297d780c91bc)
[Subsystems] Discovering subsystems at path /Applications/Unity/Hub/Editor/2020.3.10f1/Unity.app/Contents/Resources/UnitySubsystems
[Subsystems] Discovering subsystems at path /Users/atsu/Unity/GitHub/Stickman-Actiongame/SticManActionGame/Assets
GfxDevice: creating device client; threaded=0
2021-06-10 10:20:06.776 Unity[18203:3951589] (null) preferred device: Apple M1 (high power)
2021-06-10 10:20:06.776 Unity[18203:3951589] Metal devices available: 1
2021-06-10 10:20:06.776 Unity[18203:3951589] 0: Apple M1 (high power)
2021-06-10 10:20:06.776 Unity[18203:3951589] Using device Apple M1 (high power)
Initializing Metal device caps: Apple M1
Initialize mono
Mono path[0] = '/Applications/Unity/Hub/Editor/2020.3.10f1/Unity.app/Contents/Managed'
Mono path[1] = '/Applications/Unity/Hub/Editor/2020.3.10f1/Unity.app/Contents/MonoBleedingEdge/lib/mono/unityjit'
Mono config path = '/Applications/Unity/Hub/Editor/2020.3.10f1/Unity.app/Contents/MonoBleedingEdge/etc'
Using monoOptions --debugger-agent=transport=dt_socket,embedding=1,server=y,suspend=n,address=127.0.0.1:56203
Begin MonoManager ReloadAssembly
Registering precompiled unity dll's ...
Register platform support module: /Applications/Unity/Hub/Editor/2020.3.10f1/PlaybackEngines/WebGLSupport/UnityEditor.WebGL.Extensions.dll
Register platform support module: /Applications/Unity/Hub/Editor/2020.3.10f1/Unity.app/Contents/PlaybackEngines/MacStandaloneSupport/UnityEditor.OSXStandalone.Extensions.dll
Registered in 0.002970 seconds.
Native extension for OSXStandalone target not found
Native extension for WebGL target not found
Refreshing native plugins compatible for Editor in 38.22 ms, found 3 plugins.
Preloading 0 native plugins for Editor in 0.00 ms.
Mono: successfully reloaded assembly
- Completed reload, in  2.122 seconds
Platform modules already initialized, skipping
Registering precompiled user dll's ...
Registered in 0.003734 seconds.
Begin MonoManager ReloadAssembly
Native extension for OSXStandalone target not found
Native extension for WebGL target not found
Refreshing native plugins compatible for Editor in 36.28 ms, found 3 plugins.
Preloading 0 native plugins for Editor in 0.00 ms.
Mono: successfully reloaded assembly
- Completed reload, in  2.270 seconds
Platform modules already initialized, skipping
========================================================================
Worker process is ready to serve import requests
Launching external process: /Applications/Unity/Hub/Editor/2020.3.10f1/Unity.app/Contents/Tools/UnityShaderCompiler
Launched and connected shader compiler UnityShaderCompiler after 0.03 seconds
Refreshing native plugins compatible for Editor in 0.36 ms, found 3 plugins.
Preloading 0 native plugins for Editor in 0.00 ms.
Unloading 2079 Unused Serialized files (Serialized files now loaded: 0)
System memory in use before: 172.9 MB.
System memory in use after: 172.9 MB.

Unloading 33 unused Assets to reduce memory usage. Loaded Objects now: 2512.
Total: 1.938459 ms (FindLiveObjects: 0.128084 ms CreateObjectMapping: 0.038708 ms MarkObjects: 1.650917 ms  DeleteObjects: 0.120084 ms)

========================================================================
Received Import Request.
  path: Assets/Animation/player_animator.controller
  artifactKey: Guid(ddb006916656c4b8b92ac36c934fe3e3) Importer(815301076,1909f56bfc062723c751e8b465ee728b)
Start importing Assets/Animation/player_animator.controller using Guid(ddb006916656c4b8b92ac36c934fe3e3) Importer(815301076,1909f56bfc062723c751e8b465ee728b)  -> (artifact id: '1b701f78a20f2854e3295b3ccf4a6ead') in 0.564079 seconds
  Import took 0.567480 seconds .

========================================================================
Received Import Request.
  Time since last request: 0.000361 seconds.
  path: Assets/Animation/player_run.anim
  artifactKey: Guid(12b039fd4e5784866bf3d1be5dd9c941) Importer(815301076,1909f56bfc062723c751e8b465ee728b)
Start importing Assets/Animation/player_run.anim using Guid(12b039fd4e5784866bf3d1be5dd9c941) Importer(815301076,1909f56bfc062723c751e8b465ee728b)  -> (artifact id: 'de1ab2de595c4e907e39ba285d79ae06') in 0.202630 seconds
  Import took 0.204980 seconds .

========================================================================
Received Import Request.
  Time since last request: 0.000241 seconds.
  path: Assets/Animation/player_stand.anim
  artifactKey: Guid(c40c669b6841b49f4bec4b12b07aaaf4) Importer(815301076,1909f56bfc062723c751e8b465ee728b)
Start importing Assets/Animation/player_stand.anim using Guid(c40c669b6841b49f4bec4b12b07aaaf4) Importer(815301076,1909f56bfc062723c751e8b465ee728b)  -> (artifact id: 'a0fea807aca949018dd5ed75eec15d74') in 0.002231 seconds
  Import took 0.004606 seconds .

